0 info it worked if it ends with ok
<<<<<<< HEAD
1 verbose cli [ '/usr/bin/nodejs', '/usr/bin/npm', 'start' ]
2 info using npm@3.5.2
3 info using node@v4.2.6
4 verbose config Skipping project config: /home/tnweiss/.npmrc. (matches userconfig)
5 verbose stack Error: ENOENT: no such file or directory, open '/home/tnweiss/package.json'
5 verbose stack     at Error (native)
6 verbose cwd /home/tnweiss/Engineering
7 error Linux 4.4.0-62-generic
8 error argv "/usr/bin/nodejs" "/usr/bin/npm" "start"
9 error node v4.2.6
10 error npm  v3.5.2
11 error path /home/tnweiss/package.json
12 error code ENOENT
13 error errno -2
14 error syscall open
15 error enoent ENOENT: no such file or directory, open '/home/tnweiss/package.json'
16 error enoent ENOENT: no such file or directory, open '/home/tnweiss/package.json'
16 error enoent This is most likely not a problem with npm itself
16 error enoent and is related to npm not being able to find a file.
17 verbose exit [ -2, true ]
=======
1 verbose cli [ 'C:\\Program Files\\nodejs\\node.exe',
1 verbose cli   'C:\\Program Files\\nodejs\\node_modules\\npm\\bin\\npm-cli.js',
1 verbose cli   'start' ]
2 info using npm@3.10.10
3 info using node@v6.9.5
4 verbose stack Error: ENOENT: no such file or directory, open 'C:\Users\AJhey\Documents\GitHub\Engineering\package.json'
4 verbose stack     at Error (native)
5 verbose cwd C:\Users\AJhey\Documents\GitHub\Engineering
6 error Windows_NT 10.0.14393
7 error argv "C:\\Program Files\\nodejs\\node.exe" "C:\\Program Files\\nodejs\\node_modules\\npm\\bin\\npm-cli.js" "start"
8 error node v6.9.5
9 error npm  v3.10.10
10 error path C:\Users\AJhey\Documents\GitHub\Engineering\package.json
11 error code ENOENT
12 error errno -4058
13 error syscall open
14 error enoent ENOENT: no such file or directory, open 'C:\Users\AJhey\Documents\GitHub\Engineering\package.json'
15 error enoent ENOENT: no such file or directory, open 'C:\Users\AJhey\Documents\GitHub\Engineering\package.json'
15 error enoent This is most likely not a problem with npm itself
15 error enoent and is related to npm not being able to find a file.
16 verbose exit [ -4058, true ]
>>>>>>> 36831046c28db3b7c46fe15525f911d742006803
